app/manifest-merger-release-report.txt
-- Merging decision tree log ---
manifest
ADDED from AndroidManifest.xml:2:1
	xmlns:android
		ADDED from AndroidManifest.xml:2:11
	package
		ADDED from AndroidManifest.xml:3:5
	android:versionName
		INJECTED from AndroidManifest.xml:0:0
		INJECTED from AndroidManifest.xml:0:0
	android:versionCode
		INJECTED from AndroidManifest.xml:0:0
		INJECTED from AndroidManifest.xml:0:0
uses-permission#android.permission.INTERNET
ADDED from AndroidManifest.xml:6:5
	android:name
		ADDED from AndroidManifest.xml:6:22
uses-permission#android.permission.ACCESS_NETWORK_STATE
ADDED from AndroidManifest.xml:7:5
	android:name
		ADDED from AndroidManifest.xml:7:22
uses-permission#android.permission.WRITE_EXTERNAL_STORAGE
ADDED from AndroidManifest.xml:8:5
	android:name
		ADDED from AndroidManifest.xml:8:22
uses-permission#android.permission.ACCESS_DOWNLOAD_MANAGER
ADDED from AndroidManifest.xml:9:5
	android:name
		ADDED from AndroidManifest.xml:9:22
application
ADDED from AndroidManifest.xml:12:5
MERGED from com.android.support:appcompat-v7:21.0.3:16:5
MERGED from com.android.support:support-v4:21.0.3:16:5
MERGED from com.android.support:support-v4:21.0.3:16:5
MERGED from com.astuetz:pagerslidingtabstrip:1.0.1:4:5
MERGED from com.android.support:support-v4:21.0.3:16:5
MERGED from kaist-board:photo_view:unspecified:11:5
MERGED from com.android.support:support-v4:21.0.3:16:5
MERGED from com.android.support:support-v13:21.0.3:16:5
MERGED from com.android.support:support-v4:21.0.3:16:5
	android:label
		ADDED from AndroidManifest.xml:16:9
	android:allowBackup
		ADDED from AndroidManifest.xml:14:9
	android:icon
		ADDED from AndroidManifest.xml:15:9
	android:hardwareAccelerated
		ADDED from kaist-board:photo_view:unspecified:13:9
	android:theme
		ADDED from AndroidManifest.xml:17:9
	android:name
		ADDED from AndroidManifest.xml:13:9
activity#kr.ac.kaist.board.ui.SplashActivity
ADDED from AndroidManifest.xml:18:9
	android:icon
		ADDED from AndroidManifest.xml:20:13
	android:theme
		ADDED from AndroidManifest.xml:21:13
	android:name
		ADDED from AndroidManifest.xml:19:13
intent-filter#android.intent.action.MAIN+android.intent.category.LAUNCHER
ADDED from AndroidManifest.xml:22:13
action#android.intent.action.MAIN
ADDED from AndroidManifest.xml:23:17
	android:name
		ADDED from AndroidManifest.xml:23:25
category#android.intent.category.LAUNCHER
ADDED from AndroidManifest.xml:25:17
	android:name
		ADDED from AndroidManifest.xml:25:27
activity#kr.ac.kaist.board.ui.MainActivity
ADDED from AndroidManifest.xml:28:9
	android:label
		ADDED from AndroidManifest.xml:31:13
	android:icon
		ADDED from AndroidManifest.xml:30:13
	android:name
		ADDED from AndroidManifest.xml:29:13
activity#kr.ac.kaist.board.ui.SettingDeveloperActivity
ADDED from AndroidManifest.xml:32:9
	android:label
		ADDED from AndroidManifest.xml:35:13
	android:icon
		ADDED from AndroidManifest.xml:34:13
	android:name
		ADDED from AndroidManifest.xml:33:13
activity#kr.ac.kaist.board.ui.DetailActivity
ADDED from AndroidManifest.xml:36:9
	android:label
		ADDED from AndroidManifest.xml:39:13
	android:icon
		ADDED from AndroidManifest.xml:38:13
	android:name
		ADDED from AndroidManifest.xml:37:13
activity#kr.ac.kaist.board.ui.ImageActivity
ADDED from AndroidManifest.xml:40:9
	android:label
		ADDED from AndroidManifest.xml:43:13
	android:icon
		ADDED from AndroidManifest.xml:42:13
	android:theme
		ADDED from AndroidManifest.xml:44:13
	android:name
		ADDED from AndroidManifest.xml:41:13
uses-sdk
INJECTED from AndroidManifest.xml:0:0 reason: use-sdk injection requested
MERGED from com.android.support:appcompat-v7:21.0.3:15:5
MERGED from com.android.support:support-v4:21.0.3:15:5
MERGED from com.android.support:support-v4:21.0.3:15:5
MERGED from com.astuetz:pagerslidingtabstrip:1.0.1:2:5
MERGED from com.android.support:support-v4:21.0.3:15:5
MERGED from kaist-board:photo_view:unspecified:7:5
MERGED from com.android.support:support-v4:21.0.3:15:5
MERGED from com.android.support:support-v13:21.0.3:15:5
MERGED from com.android.support:support-v4:21.0.3:15:5
MERGED from me.drakeet.materialdialog:library:1.2.2:8:5
	android:targetSdkVersion
		INJECTED from AndroidManifest.xml:0:0
		INJECTED from AndroidManifest.xml:0:0
	android:minSdkVersion
		INJECTED from AndroidManifest.xml:0:0
		INJECTED from AndroidManifest.xml:0:0